<?xml version="1.0" encoding="UTF-8"?>
<testsuite name="com.tr.selenium.tests.GroupCreationTests" tests="1" skipped="0" failures="0" errors="0" timestamp="2018-03-09T09:46:53" hostname="User-PC" time="1.673">
  <properties/>
  <testcase name="groupCreationTest" classname="com.tr.selenium.tests.GroupCreationTests" time="1.673"/>
  <system-out><![CDATA[]]></system-out>
  <system-err><![CDATA[]]></system-err>
</testsuite>
